45 221 296 212 4 162 127 137 227 150 263 125 129 245 91 281 214 217 14 111 158 11 109 23 6 76 101 5 98 20 292 289 142 297 251 279 233 189 84 173 9 77 211 169 132 183
51 216 54 34 87 184 110 80 8 134 259 24 133 92 193 218 18 187 38 200 79 113 53 277 32 128 241 222 185 268 236 86 170 195 140 42 131 16 255 242 264 152 71 30 262 229 37 208 52 151 274 175
47 167 168 108 88 75 159 13 290 56 171 63 156 44 226 96 29 284 239 64 122 254 26 243 3 258 73 147 90 70 119 201 139 219 238 78 155 43 154 120 126 47 272 293 178 278 257 2
40 0 85 103 286 299 203 220 95 273 261 19 21 224 230 174 102 146 271 89 237 114 283 83 205 291 35 265 31 106 12 115 141 100 256 97 143 240 49 247 165
37 234 116 275 41 72 294 210 136 58 15 60 232 282 121 157 207 253 61 22 48 25 118 81 124 248 199 196 59 215 206 1 270 135 46 153 149 130
26 36 164 7 148 62 285 57 166 28 202 82 209 163 197 269 190 10 287 45 223 55 145 280 228 231 194
22 180 249 246 161 225 144 198 188 244 50 27 191 177 93 138 112 266 182 176 17 186 69
17 33 99 260 107 213 39 172 40 68 298 235 181 250 67 66 252 94
11 179 276 74 267 204 295 160 51 104 288 123
4 65 105 117 192
0
0
0
0
0
0
0
0
0
0
0
0
0
0
0
0
0
0
0
0
0
0
0
0
0
0
0
0
0
0
0
0
0
0
0
0
0
0
0
0
0
0
0
0
0
0
0
0
0
0
0
0
0
0
0
0
0
0
0
0
0
0
0
0
0
0
0
0
0
0
0
0
0
0
0
0
0
0
0
0
0
0
0
0
0
0
0
0
0
0
